<?xml version="1.0" encoding="UTF-8"?>
<coverage generated="1633993742210" clover="3.2.0">
  <project timestamp="1633993742211" name="All files">
    <metrics statements="212" coveredstatements="145" conditionals="119" coveredconditionals="36" methods="61" coveredmethods="39" elements="392" coveredelements="220" complexity="0" loc="212" ncloc="212" packages="10" files="12" classes="12"/>
    <package name="domain.Entities">
      <metrics statements="3" coveredstatements="3" conditionals="2" coveredconditionals="2" methods="1" coveredmethods="1"/>
      <file name="User.ts" path="/home/lucasfonsecab/Documents/dev/FazendasdeAgua/nodejsServer/src/domain/Entities/User.ts">
        <metrics statements="3" coveredstatements="3" conditionals="2" coveredconditionals="2" methods="1" coveredmethods="1"/>
        <line num="4" count="1" type="cond" truecount="2" falsecount="0"/>
        <line num="5" count="1" type="stmt"/>
        <line num="6" count="1" type="stmt"/>
      </file>
    </package>
    <package name="domain.Errors">
      <metrics statements="16" coveredstatements="12" conditionals="8" coveredconditionals="2" methods="8" coveredmethods="6"/>
      <file name="UsersErrors.ts" path="/home/lucasfonsecab/Documents/dev/FazendasdeAgua/nodejsServer/src/domain/Errors/UsersErrors.ts">
        <metrics statements="16" coveredstatements="12" conditionals="8" coveredconditionals="2" methods="8" coveredmethods="6"/>
        <line num="1" count="1" type="stmt"/>
        <line num="3" count="0" type="cond" truecount="0" falsecount="2"/>
        <line num="4" count="0" type="stmt"/>
        <line num="6" count="1" type="stmt"/>
        <line num="8" count="1" type="stmt"/>
        <line num="10" count="2" type="cond" truecount="1" falsecount="1"/>
        <line num="11" count="2" type="stmt"/>
        <line num="13" count="1" type="stmt"/>
        <line num="15" count="1" type="stmt"/>
        <line num="17" count="2" type="cond" truecount="1" falsecount="1"/>
        <line num="18" count="2" type="stmt"/>
        <line num="20" count="1" type="stmt"/>
        <line num="23" count="1" type="stmt"/>
        <line num="25" count="0" type="cond" truecount="0" falsecount="2"/>
        <line num="26" count="0" type="stmt"/>
        <line num="28" count="1" type="stmt"/>
      </file>
    </package>
    <package name="domain.Views">
      <metrics statements="7" coveredstatements="6" conditionals="2" coveredconditionals="1" methods="3" coveredmethods="2"/>
      <file name="UserView.ts" path="/home/lucasfonsecab/Documents/dev/FazendasdeAgua/nodejsServer/src/domain/Views/UserView.ts">
        <metrics statements="7" coveredstatements="6" conditionals="2" coveredconditionals="1" methods="3" coveredmethods="2"/>
        <line num="4" count="1" type="stmt"/>
        <line num="17" count="2" type="cond" truecount="1" falsecount="1"/>
        <line num="18" count="1" type="stmt"/>
        <line num="19" count="1" type="stmt"/>
        <line num="22" count="1" type="stmt"/>
        <line num="23" count="0" type="stmt"/>
        <line num="25" count="1" type="stmt"/>
      </file>
    </package>
    <package name="libs.ApplicatonSchema">
      <metrics statements="42" coveredstatements="37" conditionals="14" coveredconditionals="12" methods="14" coveredmethods="9"/>
      <file name="SchemaBuilder.ts" path="/home/lucasfonsecab/Documents/dev/FazendasdeAgua/nodejsServer/src/libs/ApplicatonSchema/SchemaBuilder.ts">
        <metrics statements="42" coveredstatements="37" conditionals="14" coveredconditionals="12" methods="14" coveredmethods="9"/>
        <line num="2" count="1" type="stmt"/>
        <line num="4" count="1" type="stmt"/>
        <line num="6" count="4" type="stmt"/>
        <line num="7" count="4" type="stmt"/>
        <line num="9" count="29" type="stmt"/>
        <line num="11" count="29" type="cond" truecount="2" falsecount="0"/>
        <line num="12" count="9" type="stmt"/>
        <line num="13" count="9" type="stmt"/>
        <line num="14" count="9" type="stmt"/>
        <line num="17" count="20" type="stmt"/>
        <line num="18" count="2" type="stmt"/>
        <line num="19" count="2" type="stmt"/>
        <line num="22" count="20" type="stmt"/>
        <line num="23" count="9" type="stmt"/>
        <line num="24" count="9" type="stmt"/>
        <line num="27" count="20" type="stmt"/>
        <line num="29" count="20" type="cond" truecount="2" falsecount="0"/>
        <line num="30" count="20" type="cond" truecount="8" falsecount="2"/>
        <line num="31" count="20" type="stmt"/>
        <line num="34" count="1" type="stmt"/>
        <line num="35" count="1" type="stmt"/>
        <line num="37" count="1" type="stmt"/>
        <line num="38" count="0" type="stmt"/>
        <line num="40" count="1" type="stmt"/>
        <line num="41" count="0" type="stmt"/>
        <line num="43" count="1" type="stmt"/>
        <line num="44" count="0" type="stmt"/>
        <line num="46" count="1" type="stmt"/>
        <line num="47" count="0" type="stmt"/>
        <line num="49" count="1" type="stmt"/>
        <line num="50" count="0" type="stmt"/>
        <line num="52" count="1" type="stmt"/>
        <line num="53" count="3" type="stmt"/>
        <line num="56" count="1" type="stmt"/>
        <line num="57" count="5" type="stmt"/>
        <line num="60" count="1" type="stmt"/>
        <line num="61" count="4" type="stmt"/>
        <line num="68" count="1" type="stmt"/>
        <line num="69" count="4" type="stmt"/>
        <line num="70" count="4" type="stmt"/>
        <line num="71" count="4" type="stmt"/>
        <line num="73" count="1" type="stmt"/>
      </file>
    </package>
    <package name="libs.ApplicatonSchema.protocols">
      <metrics statements="1" coveredstatements="1" conditionals="0" coveredconditionals="0" methods="0" coveredmethods="0"/>
      <file name="AppSchemaTools.ts" path="/home/lucasfonsecab/Documents/dev/FazendasdeAgua/nodejsServer/src/libs/ApplicatonSchema/protocols/AppSchemaTools.ts">
        <metrics statements="1" coveredstatements="1" conditionals="0" coveredconditionals="0" methods="0" coveredmethods="0"/>
        <line num="3" count="1" type="stmt"/>
      </file>
    </package>
    <package name="presentation.Controllers.V1">
      <metrics statements="54" coveredstatements="34" conditionals="24" coveredconditionals="12" methods="12" coveredmethods="9"/>
      <file name="Users.Controllers.ts" path="/home/lucasfonsecab/Documents/dev/FazendasdeAgua/nodejsServer/src/presentation/Controllers/V1/Users.Controllers.ts">
        <metrics statements="54" coveredstatements="34" conditionals="24" coveredconditionals="12" methods="12" coveredmethods="9"/>
        <line num="1" count="1" type="stmt"/>
        <line num="2" count="1" type="stmt"/>
        <line num="4" count="1" type="stmt"/>
        <line num="5" count="1" type="stmt"/>
        <line num="10" count="1" type="stmt"/>
        <line num="13" count="4" type="stmt"/>
        <line num="14" count="4" type="stmt"/>
        <line num="15" count="4" type="cond" truecount="2" falsecount="0"/>
        <line num="17" count="1" type="stmt"/>
        <line num="18" count="0" type="stmt"/>
        <line num="22" count="0" type="stmt"/>
        <line num="24" count="0" type="cond" truecount="0" falsecount="2"/>
        <line num="25" count="0" type="stmt"/>
        <line num="28" count="0" type="cond" truecount="0" falsecount="1"/>
        <line num="31" count="0" type="cond" truecount="0" falsecount="4"/>
        <line num="32" count="0" type="stmt"/>
        <line num="35" count="0" type="stmt"/>
        <line num="38" count="1" type="stmt"/>
        <line num="40" count="1" type="stmt"/>
        <line num="43" count="4" type="stmt"/>
        <line num="44" count="4" type="cond" truecount="2" falsecount="0"/>
        <line num="46" count="1" type="stmt"/>
        <line num="48" count="4" type="stmt"/>
        <line num="49" count="4" type="stmt"/>
        <line num="51" count="4" type="stmt"/>
        <line num="52" count="1" type="stmt"/>
        <line num="55" count="3" type="cond" truecount="2" falsecount="0"/>
        <line num="56" count="1" type="stmt"/>
        <line num="58" count="2" type="cond" truecount="2" falsecount="0"/>
        <line num="59" count="1" type="stmt"/>
        <line num="61" count="1" type="stmt"/>
        <line num="64" count="1" type="stmt"/>
        <line num="66" count="1" type="stmt"/>
        <line num="68" count="4" type="stmt"/>
        <line num="69" count="4" type="cond" truecount="2" falsecount="0"/>
        <line num="71" count="1" type="stmt"/>
        <line num="73" count="0" type="stmt"/>
        <line num="75" count="0" type="cond" truecount="0" falsecount="2"/>
        <line num="76" count="0" type="stmt"/>
        <line num="77" count="0" type="stmt"/>
        <line num="80" count="0" type="cond" truecount="0" falsecount="1"/>
        <line num="81" count="0" type="stmt"/>
        <line num="83" count="1" type="stmt"/>
        <line num="85" count="1" type="stmt"/>
        <line num="87" count="4" type="stmt"/>
        <line num="88" count="4" type="cond" truecount="2" falsecount="0"/>
        <line num="90" count="1" type="stmt"/>
        <line num="92" count="0" type="stmt"/>
        <line num="94" count="0" type="stmt"/>
        <line num="95" count="0" type="stmt"/>
        <line num="97" count="0" type="cond" truecount="0" falsecount="2"/>
        <line num="98" count="0" type="stmt"/>
        <line num="100" count="0" type="stmt"/>
        <line num="103" count="1" type="stmt"/>
      </file>
    </package>
    <package name="presentation.Models.Schemas">
      <metrics statements="14" coveredstatements="14" conditionals="0" coveredconditionals="0" methods="4" coveredmethods="4"/>
      <file name="UsersSchemas.ts" path="/home/lucasfonsecab/Documents/dev/FazendasdeAgua/nodejsServer/src/presentation/Models/Schemas/UsersSchemas.ts">
        <metrics statements="14" coveredstatements="14" conditionals="0" coveredconditionals="0" methods="4" coveredmethods="4"/>
        <line num="1" count="1" type="stmt"/>
        <line num="4" count="1" type="stmt"/>
        <line num="5" count="1" type="stmt"/>
        <line num="6" count="1" type="stmt"/>
        <line num="7" count="1" type="stmt"/>
        <line num="8" count="1" type="stmt"/>
        <line num="9" count="1" type="stmt"/>
        <line num="12" count="1" type="stmt"/>
        <line num="13" count="1" type="stmt"/>
        <line num="14" count="1" type="stmt"/>
        <line num="17" count="1" type="stmt"/>
        <line num="18" count="1" type="stmt"/>
        <line num="21" count="1" type="stmt"/>
        <line num="22" count="1" type="stmt"/>
      </file>
    </package>
    <package name="presentation.Protocols">
      <metrics statements="68" coveredstatements="31" conditionals="69" coveredconditionals="7" methods="17" coveredmethods="6"/>
      <file name="BaseController.ts" path="/home/lucasfonsecab/Documents/dev/FazendasdeAgua/nodejsServer/src/presentation/Protocols/BaseController.ts">
        <metrics statements="48" coveredstatements="17" conditionals="57" coveredconditionals="3" methods="9" coveredmethods="3"/>
        <line num="3" count="1" type="stmt"/>
        <line num="4" count="1" type="stmt"/>
        <line num="5" count="1" type="stmt"/>
        <line num="7" count="1" type="stmt"/>
        <line num="9" count="1" type="cond" truecount="2" falsecount="0"/>
        <line num="10" count="1" type="stmt"/>
        <line num="11" count="1" type="stmt"/>
        <line num="12" count="1" type="stmt"/>
        <line num="13" count="1" type="stmt"/>
        <line num="23" count="1" type="stmt"/>
        <line num="27" count="16" type="cond" truecount="1" falsecount="1"/>
        <line num="28" count="16" type="stmt"/>
        <line num="32" count="1" type="stmt"/>
        <line num="34" count="0" type="cond" truecount="0" falsecount="2"/>
        <line num="35" count="0" type="cond" truecount="0" falsecount="4"/>
        <line num="37" count="0" type="stmt"/>
        <line num="40" count="0" type="cond" truecount="0" falsecount="2"/>
        <line num="41" count="0" type="stmt"/>
        <line num="44" count="0" type="cond" truecount="0" falsecount="2"/>
        <line num="45" count="0" type="stmt"/>
        <line num="47" count="0" type="stmt"/>
        <line num="50" count="0" type="stmt"/>
        <line num="53" count="1" type="stmt"/>
        <line num="55" count="0" type="cond" truecount="0" falsecount="6"/>
        <line num="56" count="0" type="cond" truecount="0" falsecount="4"/>
        <line num="57" count="0" type="cond" truecount="0" falsecount="2"/>
        <line num="60" count="0" type="cond" truecount="0" falsecount="6"/>
        <line num="61" count="0" type="cond" truecount="0" falsecount="4"/>
        <line num="62" count="0" type="cond" truecount="0" falsecount="2"/>
        <line num="65" count="0" type="cond" truecount="0" falsecount="1"/>
        <line num="70" count="1" type="stmt"/>
        <line num="72" count="0" type="cond" truecount="0" falsecount="1"/>
        <line num="73" count="0" type="cond" truecount="0" falsecount="2"/>
        <line num="75" count="0" type="stmt"/>
        <line num="76" count="0" type="cond" truecount="0" falsecount="2"/>
        <line num="78" count="0" type="stmt"/>
        <line num="79" count="0" type="stmt"/>
        <line num="83" count="1" type="stmt"/>
        <line num="84" count="0" type="stmt"/>
        <line num="86" count="0" type="stmt"/>
        <line num="96" count="0" type="stmt"/>
        <line num="98" count="0" type="cond" truecount="0" falsecount="2"/>
        <line num="99" count="0" type="cond" truecount="0" falsecount="6"/>
        <line num="100" count="0" type="stmt"/>
        <line num="102" count="0" type="stmt"/>
        <line num="105" count="0" type="stmt"/>
        <line num="106" count="0" type="stmt"/>
        <line num="110" count="1" type="stmt"/>
      </file>
      <file name="Http.ts" path="/home/lucasfonsecab/Documents/dev/FazendasdeAgua/nodejsServer/src/presentation/Protocols/Http.ts">
        <metrics statements="1" coveredstatements="1" conditionals="0" coveredconditionals="0" methods="0" coveredmethods="0"/>
        <line num="2" count="1" type="stmt"/>
      </file>
      <file name="http-helper.ts" path="/home/lucasfonsecab/Documents/dev/FazendasdeAgua/nodejsServer/src/presentation/Protocols/http-helper.ts">
        <metrics statements="19" coveredstatements="13" conditionals="12" coveredconditionals="4" methods="8" coveredmethods="3"/>
        <line num="3" count="1" type="stmt"/>
        <line num="4" count="0" type="stmt"/>
        <line num="7" count="1" type="stmt"/>
        <line num="8" count="1" type="cond" truecount="1" falsecount="1"/>
        <line num="11" count="1" type="stmt"/>
        <line num="12" count="0" type="stmt"/>
        <line num="15" count="1" type="stmt"/>
        <line num="16" count="0" type="stmt"/>
        <line num="19" count="1" type="stmt"/>
        <line num="20" count="2" type="cond" truecount="1" falsecount="1"/>
        <line num="21" count="2" type="stmt"/>
        <line num="24" count="1" type="stmt"/>
        <line num="25" count="0" type="cond" truecount="0" falsecount="2"/>
        <line num="26" count="0" type="stmt"/>
        <line num="29" count="1" type="stmt"/>
        <line num="30" count="2" type="cond" truecount="2" falsecount="2"/>
        <line num="31" count="2" type="stmt"/>
        <line num="35" count="1" type="stmt"/>
        <line num="36" count="0" type="stmt"/>
      </file>
    </package>
    <package name="tests.mocks.entities">
      <metrics statements="5" coveredstatements="5" conditionals="0" coveredconditionals="0" methods="1" coveredmethods="1"/>
      <file name="MakeUser.ts" path="/home/lucasfonsecab/Documents/dev/FazendasdeAgua/nodejsServer/src/tests/mocks/entities/MakeUser.ts">
        <metrics statements="5" coveredstatements="5" conditionals="0" coveredconditionals="0" methods="1" coveredmethods="1"/>
        <line num="1" count="1" type="stmt"/>
        <line num="3" count="1" type="stmt"/>
        <line num="5" count="1" type="stmt"/>
        <line num="7" count="1" type="stmt"/>
        <line num="9" count="1" type="stmt"/>
      </file>
    </package>
    <package name="tests.presentation.mocks">
      <metrics statements="2" coveredstatements="2" conditionals="0" coveredconditionals="0" methods="1" coveredmethods="1"/>
      <file name="MakeRequest.ts" path="/home/lucasfonsecab/Documents/dev/FazendasdeAgua/nodejsServer/src/tests/presentation/mocks/MakeRequest.ts">
        <metrics statements="2" coveredstatements="2" conditionals="0" coveredconditionals="0" methods="1" coveredmethods="1"/>
        <line num="3" count="1" type="stmt"/>
        <line num="4" count="4" type="stmt"/>
      </file>
    </package>
  </project>
</coverage>
