{"/home/lucasfonsecab/Documents/dev/FazendasdeAgua/nodejsServer/src/domain/Entities/User.ts": {"path":"/home/lucasfonsecab/Documents/dev/FazendasdeAgua/nodejsServer/src/domain/Entities/User.ts","statementMap":{"0":{"start":{"line":4,"column":0},"end":{"line":4,"column":null}},"1":{"start":{"line":5,"column":5},"end":{"line":5,"column":null}},"2":{"start":{"line":6,"column":5},"end":{"line":6,"column":null}},"3":{"start":{"line":7,"column":5},"end":{"line":7,"column":null}}},"fnMap":{"0":{"name":"(anonymous_0)","decl":{"start":{"line":4,"column":0},"end":{"line":4,"column":12}},"loc":{"start":{"line":4,"column":21},"end":{"line":8,"column":1}}}},"branchMap":{"0":{"loc":{"start":{"line":4,"column":12},"end":{"line":4,"column":21}},"type":"binary-expr","locations":[{"start":{"line":4,"column":12},"end":{"line":4,"column":21}},{"start":{"line":4,"column":12},"end":{"line":4,"column":null}}]}},"s":{"0":1,"1":1,"2":1,"3":1},"f":{"0":1},"b":{"0":[1,1]}}
,"/home/lucasfonsecab/Documents/dev/FazendasdeAgua/nodejsServer/src/domain/Errors/UsersErrors.ts": {"path":"/home/lucasfonsecab/Documents/dev/FazendasdeAgua/nodejsServer/src/domain/Errors/UsersErrors.ts","statementMap":{"0":{"start":{"line":1,"column":0},"end":{"line":1,"column":null}},"1":{"start":{"line":1,"column":33},"end":{"line":1,"column":38}},"2":{"start":{"line":3,"column":10},"end":{"line":3,"column":null}},"3":{"start":{"line":5,"column":0},"end":{"line":5,"column":null}},"4":{"start":{"line":1,"column":13},"end":{"line":1,"column":24}},"5":{"start":{"line":7,"column":0},"end":{"line":7,"column":null}},"6":{"start":{"line":7,"column":44},"end":{"line":7,"column":55}},"7":{"start":{"line":9,"column":10},"end":{"line":9,"column":null}},"8":{"start":{"line":11,"column":0},"end":{"line":11,"column":null}},"9":{"start":{"line":7,"column":13},"end":{"line":7,"column":35}},"10":{"start":{"line":13,"column":0},"end":{"line":13,"column":null}},"11":{"start":{"line":13,"column":39},"end":{"line":13,"column":50}},"12":{"start":{"line":15,"column":10},"end":{"line":15,"column":null}},"13":{"start":{"line":17,"column":0},"end":{"line":17,"column":null}},"14":{"start":{"line":13,"column":13},"end":{"line":13,"column":30}},"15":{"start":{"line":19,"column":0},"end":{"line":19,"column":null}},"16":{"start":{"line":19,"column":36},"end":{"line":19,"column":47}},"17":{"start":{"line":21,"column":10},"end":{"line":21,"column":null}},"18":{"start":{"line":23,"column":0},"end":{"line":23,"column":null}},"19":{"start":{"line":19,"column":13},"end":{"line":19,"column":27}}},"fnMap":{"0":{"name":"(anonymous_6)","decl":{"start":{"line":1,"column":0},"end":{"line":1,"column":13}},"loc":{"start":{"line":1,"column":0},"end":{"line":5,"column":null}}},"1":{"name":"UsersErrors","decl":{"start":{"line":2,"column":5},"end":{"line":2,"column":17}},"loc":{"start":{"line":2,"column":27},"end":{"line":4,"column":6}}},"2":{"name":"(anonymous_8)","decl":{"start":{"line":7,"column":0},"end":{"line":7,"column":13}},"loc":{"start":{"line":7,"column":0},"end":{"line":11,"column":null}}},"3":{"name":"UserRoleIsInvalidError","decl":{"start":{"line":8,"column":5},"end":{"line":8,"column":null}},"loc":{"start":{"line":8,"column":5},"end":{"line":10,"column":6}}},"4":{"name":"(anonymous_10)","decl":{"start":{"line":13,"column":0},"end":{"line":13,"column":13}},"loc":{"start":{"line":13,"column":0},"end":{"line":17,"column":null}}},"5":{"name":"UserNotFoundError","decl":{"start":{"line":14,"column":5},"end":{"line":14,"column":null}},"loc":{"start":{"line":14,"column":5},"end":{"line":16,"column":6}}},"6":{"name":"(anonymous_12)","decl":{"start":{"line":19,"column":0},"end":{"line":19,"column":13}},"loc":{"start":{"line":19,"column":0},"end":{"line":23,"column":null}}},"7":{"name":"UserInUseError","decl":{"start":{"line":20,"column":5},"end":{"line":20,"column":null}},"loc":{"start":{"line":20,"column":5},"end":{"line":22,"column":6}}}},"branchMap":{"0":{"loc":{"start":{"line":3,"column":10},"end":{"line":3,"column":20}},"type":"binary-expr","locations":[{"start":{"line":3,"column":10},"end":{"line":3,"column":20}},{"start":{"line":3,"column":20},"end":{"line":3,"column":null}}]},"1":{"loc":{"start":{"line":9,"column":10},"end":{"line":9,"column":47}},"type":"binary-expr","locations":[{"start":{"line":9,"column":10},"end":{"line":9,"column":47}},{"start":{"line":9,"column":47},"end":{"line":9,"column":null}}]},"2":{"loc":{"start":{"line":15,"column":10},"end":{"line":15,"column":42}},"type":"binary-expr","locations":[{"start":{"line":15,"column":10},"end":{"line":15,"column":42}},{"start":{"line":15,"column":42},"end":{"line":15,"column":null}}]},"3":{"loc":{"start":{"line":21,"column":10},"end":{"line":21,"column":78}},"type":"binary-expr","locations":[{"start":{"line":21,"column":10},"end":{"line":21,"column":78}},{"start":{"line":21,"column":78},"end":{"line":21,"column":null}}]}},"s":{"0":1,"1":1,"2":1,"3":1,"4":1,"5":1,"6":1,"7":0,"8":1,"9":1,"10":1,"11":1,"12":0,"13":1,"14":1,"15":1,"16":1,"17":1,"18":1,"19":1},"f":{"0":1,"1":1,"2":1,"3":0,"4":1,"5":0,"6":1,"7":1},"b":{"0":[1,0],"1":[0,0],"2":[0,0],"3":[1,0]}}
,"/home/lucasfonsecab/Documents/dev/FazendasdeAgua/nodejsServer/src/domain/Services/UsersServices.ts": {"path":"/home/lucasfonsecab/Documents/dev/FazendasdeAgua/nodejsServer/src/domain/Services/UsersServices.ts","statementMap":{"0":{"start":{"line":2,"column":0},"end":{"line":2,"column":51}},"1":{"start":{"line":3,"column":0},"end":{"line":3,"column":111}},"2":{"start":{"line":24,"column":18},"end":{"line":24,"column":90}},"3":{"start":{"line":24,"column":59},"end":{"line":24,"column":90}},"4":{"start":{"line":25,"column":0},"end":{"line":25,"column":13}},"5":{"start":{"line":27,"column":27},"end":{"line":27,"column":60}},"6":{"start":{"line":28,"column":27},"end":{"line":28,"column":53}},"7":{"start":{"line":29,"column":27},"end":{"line":29,"column":43}},"8":{"start":{"line":32,"column":18},"end":{"line":37,"column":null}},"9":{"start":{"line":33,"column":29},"end":{"line":33,"column":null}},"10":{"start":{"line":33,"column":16},"end":{"line":33,"column":null}},"11":{"start":{"line":34,"column":10},"end":{"line":35,"column":27}},"12":{"start":{"line":35,"column":15},"end":{"line":35,"column":27}},"13":{"start":{"line":36,"column":10},"end":{"line":36,"column":23}},"14":{"start":{"line":39,"column":18},"end":{"line":63,"column":null}},"15":{"start":{"line":40,"column":18},"end":{"line":40,"column":53}},"16":{"start":{"line":42,"column":10},"end":{"line":43,"column":50}},"17":{"start":{"line":43,"column":15},"end":{"line":43,"column":50}},"18":{"start":{"line":45,"column":16},"end":{"line":45,"column":45}},"19":{"start":{"line":47,"column":16},"end":{"line":47,"column":null}},"20":{"start":{"line":49,"column":16},"end":{"line":55,"column":null}},"21":{"start":{"line":57,"column":31},"end":{"line":57,"column":null}},"22":{"start":{"line":57,"column":16},"end":{"line":57,"column":null}},"23":{"start":{"line":58,"column":10},"end":{"line":59,"column":42}},"24":{"start":{"line":59,"column":15},"end":{"line":59,"column":42}},"25":{"start":{"line":61,"column":10},"end":{"line":61,"column":48}},"26":{"start":{"line":62,"column":10},"end":{"line":62,"column":null}},"27":{"start":{"line":65,"column":18},"end":{"line":86,"column":null}},"28":{"start":{"line":66,"column":18},"end":{"line":66,"column":53}},"29":{"start":{"line":68,"column":23},"end":{"line":68,"column":null}},"30":{"start":{"line":68,"column":16},"end":{"line":68,"column":null}},"31":{"start":{"line":69,"column":10},"end":{"line":70,"column":45}},"32":{"start":{"line":70,"column":15},"end":{"line":70,"column":45}},"33":{"start":{"line":72,"column":10},"end":{"line":72,"column":null}},"34":{"start":{"line":73,"column":10},"end":{"line":73,"column":null}},"35":{"start":{"line":74,"column":10},"end":{"line":74,"column":null}},"36":{"start":{"line":76,"column":10},"end":{"line":78,"column":null}},"37":{"start":{"line":77,"column":15},"end":{"line":77,"column":null}},"38":{"start":{"line":80,"column":16},"end":{"line":80,"column":null}},"39":{"start":{"line":81,"column":10},"end":{"line":82,"column":42}},"40":{"start":{"line":82,"column":15},"end":{"line":82,"column":42}},"41":{"start":{"line":84,"column":10},"end":{"line":84,"column":51}},"42":{"start":{"line":85,"column":10},"end":{"line":85,"column":22}},"43":{"start":{"line":88,"column":18},"end":{"line":94,"column":null}},"44":{"start":{"line":89,"column":23},"end":{"line":89,"column":null}},"45":{"start":{"line":89,"column":16},"end":{"line":89,"column":null}},"46":{"start":{"line":90,"column":10},"end":{"line":91,"column":45}},"47":{"start":{"line":91,"column":15},"end":{"line":91,"column":45}},"48":{"start":{"line":92,"column":10},"end":{"line":92,"column":null}},"49":{"start":{"line":93,"column":10},"end":{"line":93,"column":51}},"50":{"start":{"line":96,"column":11},"end":{"line":99,"column":null}},"51":{"start":{"line":97,"column":29},"end":{"line":97,"column":null}},"52":{"start":{"line":97,"column":16},"end":{"line":97,"column":null}},"53":{"start":{"line":98,"column":10},"end":{"line":98,"column":null}},"54":{"start":{"line":101,"column":11},"end":{"line":104,"column":null}},"55":{"start":{"line":102,"column":32},"end":{"line":102,"column":null}},"56":{"start":{"line":102,"column":16},"end":{"line":102,"column":null}},"57":{"start":{"line":103,"column":10},"end":{"line":103,"column":47}},"58":{"start":{"line":105,"column":0},"end":{"line":105,"column":null}},"59":{"start":{"line":25,"column":13},"end":{"line":25,"column":26}}},"fnMap":{"0":{"name":"(anonymous_13)","decl":{"start":{"line":24,"column":50},"end":{"line":24,"column":55}},"loc":{"start":{"line":24,"column":55},"end":{"line":24,"column":64}}},"1":{"name":"(anonymous_14)","decl":{"start":{"line":25,"column":0},"end":{"line":25,"column":13}},"loc":{"start":{"line":25,"column":0},"end":{"line":105,"column":null}}},"2":{"name":"UsersServices","decl":{"start":{"line":26,"column":5},"end":{"line":26,"column":null}},"loc":{"start":{"line":29,"column":43},"end":{"line":30,"column":8}}},"3":{"name":"(anonymous_16)","decl":{"start":{"line":32,"column":5},"end":{"line":32,"column":18}},"loc":{"start":{"line":32,"column":44},"end":{"line":37,"column":null}}},"4":{"name":"(anonymous_19)","decl":{"start":{"line":39,"column":5},"end":{"line":39,"column":18}},"loc":{"start":{"line":39,"column":59},"end":{"line":63,"column":null}}},"5":{"name":"(anonymous_22)","decl":{"start":{"line":65,"column":5},"end":{"line":65,"column":18}},"loc":{"start":{"line":65,"column":70},"end":{"line":86,"column":null}}},"6":{"name":"(anonymous_25)","decl":{"start":{"line":88,"column":5},"end":{"line":88,"column":18}},"loc":{"start":{"line":88,"column":59},"end":{"line":94,"column":null}}},"7":{"name":"(anonymous_28)","decl":{"start":{"line":96,"column":5},"end":{"line":96,"column":11}},"loc":{"start":{"line":96,"column":25},"end":{"line":99,"column":null}}},"8":{"name":"(anonymous_31)","decl":{"start":{"line":101,"column":5},"end":{"line":101,"column":11}},"loc":{"start":{"line":101,"column":5},"end":{"line":104,"column":null}}}},"branchMap":{"0":{"loc":{"start":{"line":33,"column":29},"end":{"line":33,"column":null}},"type":"switch","locations":[{"start":{"line":33,"column":29},"end":{"line":33,"column":null}}]},"1":{"loc":{"start":{"line":34,"column":10},"end":{"line":35,"column":27}},"type":"if","locations":[{"start":{"line":34,"column":10},"end":{"line":35,"column":27}},{"start":{"line":34,"column":10},"end":{"line":35,"column":27}}]},"2":{"loc":{"start":{"line":34,"column":13},"end":{"line":34,"column":23}},"type":"binary-expr","locations":[{"start":{"line":34,"column":13},"end":{"line":34,"column":23}},{"start":{"line":34,"column":27},"end":{"line":34,"column":52}}]},"3":{"loc":{"start":{"line":42,"column":10},"end":{"line":43,"column":50}},"type":"if","locations":[{"start":{"line":42,"column":10},"end":{"line":43,"column":50}},{"start":{"line":42,"column":10},"end":{"line":43,"column":50}}]},"4":{"loc":{"start":{"line":58,"column":10},"end":{"line":59,"column":42}},"type":"if","locations":[{"start":{"line":58,"column":10},"end":{"line":59,"column":42}},{"start":{"line":58,"column":10},"end":{"line":59,"column":42}}]},"5":{"loc":{"start":{"line":69,"column":10},"end":{"line":70,"column":45}},"type":"if","locations":[{"start":{"line":69,"column":10},"end":{"line":70,"column":45}},{"start":{"line":69,"column":10},"end":{"line":70,"column":45}}]},"6":{"loc":{"start":{"line":76,"column":10},"end":{"line":78,"column":null}},"type":"if","locations":[{"start":{"line":76,"column":10},"end":{"line":78,"column":null}},{"start":{"line":76,"column":10},"end":{"line":78,"column":null}}]},"7":{"loc":{"start":{"line":81,"column":10},"end":{"line":82,"column":42}},"type":"if","locations":[{"start":{"line":81,"column":10},"end":{"line":82,"column":42}},{"start":{"line":81,"column":10},"end":{"line":82,"column":42}}]},"8":{"loc":{"start":{"line":89,"column":23},"end":{"line":89,"column":null}},"type":"switch","locations":[{"start":{"line":89,"column":23},"end":{"line":89,"column":null}}]},"9":{"loc":{"start":{"line":90,"column":10},"end":{"line":91,"column":45}},"type":"if","locations":[{"start":{"line":90,"column":10},"end":{"line":91,"column":45}},{"start":{"line":90,"column":10},"end":{"line":91,"column":45}}]},"10":{"loc":{"start":{"line":97,"column":29},"end":{"line":97,"column":null}},"type":"switch","locations":[{"start":{"line":97,"column":29},"end":{"line":97,"column":null}}]},"11":{"loc":{"start":{"line":98,"column":24},"end":{"line":98,"column":28}},"type":"cond-expr","locations":[{"start":{"line":98,"column":24},"end":{"line":98,"column":28}},{"start":{"line":98,"column":31},"end":{"line":98,"column":35}}]},"12":{"loc":{"start":{"line":102,"column":32},"end":{"line":102,"column":null}},"type":"switch","locations":[{"start":{"line":102,"column":32},"end":{"line":102,"column":null}}]},"13":{"loc":{"start":{"line":103,"column":36},"end":{"line":103,"column":41}},"type":"cond-expr","locations":[{"start":{"line":103,"column":36},"end":{"line":103,"column":41}},{"start":{"line":103,"column":44},"end":{"line":103,"column":46}}]}},"s":{"0":1,"1":1,"2":1,"3":6,"4":1,"5":1,"6":1,"7":1,"8":1,"9":1,"10":1,"11":1,"12":0,"13":1,"14":1,"15":0,"16":0,"17":0,"18":0,"19":0,"20":0,"21":0,"22":0,"23":0,"24":0,"25":0,"26":0,"27":1,"28":1,"29":1,"30":1,"31":1,"32":0,"33":1,"34":1,"35":1,"36":1,"37":1,"38":1,"39":1,"40":1,"41":0,"42":0,"43":1,"44":0,"45":0,"46":0,"47":0,"48":0,"49":0,"50":1,"51":0,"52":0,"53":0,"54":1,"55":0,"56":0,"57":0,"58":1,"59":1},"f":{"0":6,"1":1,"2":1,"3":1,"4":0,"5":1,"6":0,"7":0,"8":0},"b":{"0":[1],"1":[0,1],"2":[1,0],"3":[0,0],"4":[0,0],"5":[0,1],"6":[1,0],"7":[1,0],"8":[0],"9":[0,0],"10":[0],"11":[0,0],"12":[0],"13":[0,0]}}
,"/home/lucasfonsecab/Documents/dev/FazendasdeAgua/nodejsServer/src/tests/mocks/MakeStation.ts": {"path":"/home/lucasfonsecab/Documents/dev/FazendasdeAgua/nodejsServer/src/tests/mocks/MakeStation.ts","statementMap":{"0":{"start":{"line":1,"column":0},"end":{"line":1,"column":26}},"1":{"start":{"line":3,"column":0},"end":{"line":3,"column":25}},"2":{"start":{"line":6,"column":5},"end":{"line":17,"column":null}},"3":{"start":{"line":5,"column":0},"end":{"line":5,"column":16}}},"fnMap":{"0":{"name":"MakeFakeStation","decl":{"start":{"line":5,"column":16},"end":{"line":5,"column":31}},"loc":{"start":{"line":5,"column":57},"end":{"line":18,"column":1}}}},"branchMap":{},"s":{"0":1,"1":1,"2":1,"3":1},"f":{"0":1},"b":{}}
,"/home/lucasfonsecab/Documents/dev/FazendasdeAgua/nodejsServer/src/tests/mocks/MakeUser.ts": {"path":"/home/lucasfonsecab/Documents/dev/FazendasdeAgua/nodejsServer/src/tests/mocks/MakeUser.ts","statementMap":{"0":{"start":{"line":1,"column":0},"end":{"line":1,"column":60}},"1":{"start":{"line":3,"column":0},"end":{"line":3,"column":25}},"2":{"start":{"line":4,"column":0},"end":{"line":4,"column":47}},"3":{"start":{"line":5,"column":0},"end":{"line":5,"column":33}},"4":{"start":{"line":7,"column":28},"end":{"line":19,"column":1}},"5":{"start":{"line":9,"column":5},"end":{"line":16,"column":null}},"6":{"start":{"line":7,"column":13},"end":{"line":7,"column":28}}},"fnMap":{"0":{"name":"(anonymous_2)","decl":{"start":{"line":7,"column":28},"end":{"line":7,"column":30}},"loc":{"start":{"line":7,"column":52},"end":{"line":19,"column":1}}}},"branchMap":{},"s":{"0":1,"1":1,"2":1,"3":1,"4":1,"5":1,"6":1},"f":{"0":1},"b":{}}
}
