TN:
SF:src/domain/Entities/User.ts
FN:4,(anonymous_0)
FNF:1
FNH:1
FNDA:1,(anonymous_0)
DA:4,1
DA:5,1
DA:6,1
LF:3
LH:3
BRDA:4,0,0,1
BRDA:4,0,1,1
BRF:2
BRH:2
end_of_record
TN:
SF:src/domain/Errors/UsersErrors.ts
FN:1,(anonymous_6)
FN:2,UserRoleIsInvalidError
FN:8,(anonymous_8)
FN:9,UserNotFoundError
FN:15,(anonymous_10)
FN:16,UserNameInUseError
FN:23,(anonymous_12)
FN:24,UserNotAllowedError
FNF:8
FNH:6
FNDA:1,(anonymous_6)
FNDA:0,UserRoleIsInvalidError
FNDA:1,(anonymous_8)
FNDA:2,UserNotFoundError
FNDA:1,(anonymous_10)
FNDA:2,UserNameInUseError
FNDA:1,(anonymous_12)
FNDA:0,UserNotAllowedError
DA:1,1
DA:3,0
DA:4,0
DA:6,1
DA:8,1
DA:10,2
DA:11,2
DA:13,1
DA:15,1
DA:17,2
DA:18,2
DA:20,1
DA:23,1
DA:25,0
DA:26,0
DA:28,1
LF:16
LH:12
BRDA:3,0,0,0
BRDA:3,0,1,0
BRDA:10,1,0,2
BRDA:10,1,1,0
BRDA:17,2,0,2
BRDA:17,2,1,0
BRDA:25,3,0,0
BRDA:25,3,1,0
BRF:8
BRH:2
end_of_record
TN:
SF:src/domain/Views/UserView.ts
FN:4,(anonymous_2)
FN:17,UserView
FN:22,(anonymous_4)
FNF:3
FNH:2
FNDA:1,(anonymous_2)
FNDA:1,UserView
FNDA:0,(anonymous_4)
DA:4,1
DA:17,2
DA:18,1
DA:19,1
DA:22,1
DA:23,0
DA:25,1
LF:7
LH:6
BRDA:17,0,0,1
BRDA:17,0,1,0
BRF:2
BRH:1
end_of_record
TN:
SF:src/libs/ApplicatonSchema/SchemaBuilder.ts
FN:4,(anonymous_6)
FN:9,(anonymous_8)
FN:17,(anonymous_9)
FN:22,(anonymous_10)
FN:34,(anonymous_11)
FN:37,(anonymous_12)
FN:40,(anonymous_13)
FN:43,(anonymous_14)
FN:46,(anonymous_15)
FN:49,(anonymous_16)
FN:52,(anonymous_17)
FN:56,(anonymous_18)
FN:60,(anonymous_19)
FN:68,(anonymous_20)
FNF:14
FNH:9
FNDA:5,(anonymous_6)
FNDA:29,(anonymous_8)
FNDA:2,(anonymous_9)
FNDA:9,(anonymous_10)
FNDA:1,(anonymous_11)
FNDA:0,(anonymous_12)
FNDA:0,(anonymous_13)
FNDA:0,(anonymous_14)
FNDA:0,(anonymous_15)
FNDA:0,(anonymous_16)
FNDA:3,(anonymous_17)
FNDA:5,(anonymous_18)
FNDA:4,(anonymous_19)
FNDA:4,(anonymous_20)
DA:2,1
DA:4,1
DA:6,4
DA:7,4
DA:9,29
DA:11,29
DA:12,9
DA:13,9
DA:14,9
DA:17,20
DA:18,2
DA:19,2
DA:22,20
DA:23,9
DA:24,9
DA:27,20
DA:29,20
DA:30,20
DA:31,20
DA:34,1
DA:35,1
DA:37,1
DA:38,0
DA:40,1
DA:41,0
DA:43,1
DA:44,0
DA:46,1
DA:47,0
DA:49,1
DA:50,0
DA:52,1
DA:53,3
DA:56,1
DA:57,5
DA:60,1
DA:61,4
DA:68,1
DA:69,4
DA:70,4
DA:71,4
DA:73,1
LF:42
LH:37
BRDA:11,0,0,9
BRDA:11,0,1,20
BRDA:29,1,0,2
BRDA:29,1,1,18
BRDA:30,2,0,11
BRDA:30,2,1,9
BRDA:30,3,0,0
BRDA:30,3,1,20
BRDA:30,4,0,20
BRDA:30,4,1,20
BRDA:30,5,0,0
BRDA:30,5,1,20
BRDA:30,6,0,20
BRDA:30,6,1,20
BRF:14
BRH:12
end_of_record
TN:
SF:src/libs/ApplicatonSchema/protocols/AppSchemaTools.ts
FNF:0
FNH:0
DA:3,1
LF:1
LH:1
BRF:0
BRH:0
end_of_record
TN:
SF:src/presentation/Controllers/V1/Users.Controllers.ts
FN:10,(anonymous_19)
FN:12,CreateUserController
FN:17,(anonymous_21)
FN:40,(anonymous_24)
FN:42,UpdateUserController
FN:46,(anonymous_26)
FN:66,(anonymous_29)
FN:67,FindUserController
FN:71,(anonymous_31)
FN:85,(anonymous_34)
FN:86,RemoveUserController
FN:90,(anonymous_36)
FNF:12
FNH:9
FNDA:1,(anonymous_19)
FNDA:4,CreateUserController
FNDA:0,(anonymous_21)
FNDA:1,(anonymous_24)
FNDA:4,UpdateUserController
FNDA:4,(anonymous_26)
FNDA:1,(anonymous_29)
FNDA:4,FindUserController
FNDA:0,(anonymous_31)
FNDA:1,(anonymous_34)
FNDA:4,RemoveUserController
FNDA:0,(anonymous_36)
DA:1,1
DA:2,1
DA:4,1
DA:5,1
DA:10,1
DA:13,4
DA:14,4
DA:15,4
DA:17,1
DA:18,0
DA:22,0
DA:24,0
DA:25,0
DA:28,0
DA:31,0
DA:32,0
DA:35,0
DA:38,1
DA:40,1
DA:43,4
DA:44,4
DA:46,1
DA:48,4
DA:49,4
DA:51,4
DA:52,1
DA:55,3
DA:56,1
DA:58,2
DA:59,1
DA:61,1
DA:64,1
DA:66,1
DA:68,4
DA:69,4
DA:71,1
DA:73,0
DA:75,0
DA:76,0
DA:77,0
DA:80,0
DA:81,0
DA:83,1
DA:85,1
DA:87,4
DA:88,4
DA:90,1
DA:92,0
DA:94,0
DA:95,0
DA:97,0
DA:98,0
DA:100,0
DA:103,1
LF:54
LH:34
BRDA:15,0,0,4
BRDA:15,0,1,4
BRDA:28,1,0,0
BRDA:24,2,0,0
BRDA:24,2,1,0
BRDA:31,3,0,0
BRDA:31,3,1,0
BRDA:31,4,0,0
BRDA:31,4,1,0
BRDA:44,5,0,4
BRDA:44,5,1,4
BRDA:55,6,0,1
BRDA:55,6,1,2
BRDA:58,7,0,1
BRDA:58,7,1,1
BRDA:69,8,0,4
BRDA:69,8,1,4
BRDA:80,9,0,0
BRDA:75,10,0,0
BRDA:75,10,1,0
BRDA:88,11,0,4
BRDA:88,11,1,4
BRDA:97,12,0,0
BRDA:97,12,1,0
BRF:24
BRH:12
end_of_record
TN:
SF:src/presentation/Models/Schemas/UsersSchemas.ts
FN:4,(anonymous_0)
FN:12,(anonymous_1)
FN:17,(anonymous_2)
FN:21,(anonymous_3)
FNF:4
FNH:4
FNDA:1,(anonymous_0)
FNDA:1,(anonymous_1)
FNDA:1,(anonymous_2)
FNDA:1,(anonymous_3)
DA:1,1
DA:4,1
DA:5,1
DA:6,1
DA:7,1
DA:8,1
DA:9,1
DA:12,1
DA:13,1
DA:14,1
DA:17,1
DA:18,1
DA:21,1
DA:22,1
LF:14
LH:14
BRF:0
BRH:0
end_of_record
TN:
SF:src/presentation/Protocols/BaseController.ts
FN:9,(anonymous_17)
FN:23,(anonymous_18)
FN:26,BaseController
FN:32,(anonymous_20)
FN:53,(anonymous_21)
FN:70,(anonymous_24)
FN:83,(anonymous_27)
FN:84,(anonymous_28)
FN:84,(anonymous_29)
FNF:9
FNH:3
FNDA:1,(anonymous_17)
FNDA:1,(anonymous_18)
FNDA:16,BaseController
FNDA:0,(anonymous_20)
FNDA:0,(anonymous_21)
FNDA:0,(anonymous_24)
FNDA:0,(anonymous_27)
FNDA:0,(anonymous_28)
FNDA:0,(anonymous_29)
DA:3,1
DA:4,1
DA:5,1
DA:7,1
DA:9,1
DA:10,1
DA:11,1
DA:12,1
DA:13,1
DA:23,1
DA:27,16
DA:28,16
DA:32,1
DA:34,0
DA:35,0
DA:37,0
DA:40,0
DA:41,0
DA:44,0
DA:45,0
DA:47,0
DA:50,0
DA:53,1
DA:55,0
DA:56,0
DA:57,0
DA:60,0
DA:61,0
DA:62,0
DA:65,0
DA:70,1
DA:72,0
DA:73,0
DA:75,0
DA:76,0
DA:78,0
DA:79,0
DA:83,1
DA:84,0
DA:86,0
DA:96,0
DA:98,0
DA:99,0
DA:100,0
DA:102,0
DA:105,0
DA:106,0
DA:110,1
LF:48
LH:17
BRDA:9,0,0,1
BRDA:9,0,1,1
BRDA:27,1,0,0
BRDA:27,1,1,16
BRDA:34,2,0,0
BRDA:34,2,1,0
BRDA:35,3,0,0
BRDA:35,3,1,0
BRDA:35,4,0,0
BRDA:35,4,1,0
BRDA:39,5,0,0
BRDA:39,5,1,0
BRDA:39,5,2,0
BRDA:40,6,0,0
BRDA:40,6,1,0
BRDA:44,7,0,0
BRDA:44,7,1,0
BRDA:65,8,0,0
BRDA:55,9,0,0
BRDA:55,9,1,0
BRDA:55,10,0,0
BRDA:55,10,1,0
BRDA:55,11,0,0
BRDA:55,11,1,0
BRDA:56,12,0,0
BRDA:56,12,1,0
BRDA:56,13,0,0
BRDA:56,13,1,0
BRDA:57,14,0,0
BRDA:57,14,1,0
BRDA:60,15,0,0
BRDA:60,15,1,0
BRDA:60,16,0,0
BRDA:60,16,1,0
BRDA:60,17,0,0
BRDA:60,17,1,0
BRDA:61,18,0,0
BRDA:61,18,1,0
BRDA:61,19,0,0
BRDA:61,19,1,0
BRDA:62,20,0,0
BRDA:62,20,1,0
BRDA:72,21,0,0
BRDA:73,22,0,0
BRDA:73,22,1,0
BRDA:76,23,0,0
BRDA:76,23,1,0
BRDA:88,24,0,0
BRDA:88,24,1,0
BRDA:98,25,0,0
BRDA:98,25,1,0
BRDA:99,26,0,0
BRDA:99,26,1,0
BRDA:99,27,0,0
BRDA:99,27,1,0
BRDA:99,28,0,0
BRDA:99,28,1,0
BRF:57
BRH:3
end_of_record
TN:
SF:src/presentation/Protocols/Http.ts
FNF:0
FNH:0
DA:2,1
LF:1
LH:1
BRF:0
BRH:0
end_of_record
TN:
SF:src/presentation/Protocols/http-helper.ts
FN:3,(anonymous_0)
FN:7,(anonymous_1)
FN:11,(anonymous_2)
FN:15,(anonymous_3)
FN:19,(anonymous_4)
FN:24,(anonymous_5)
FN:29,(anonymous_6)
FN:35,(anonymous_7)
FNF:8
FNH:3
FNDA:0,(anonymous_0)
FNDA:1,(anonymous_1)
FNDA:0,(anonymous_2)
FNDA:0,(anonymous_3)
FNDA:2,(anonymous_4)
FNDA:0,(anonymous_5)
FNDA:2,(anonymous_6)
FNDA:0,(anonymous_7)
DA:3,1
DA:4,0
DA:7,1
DA:8,1
DA:11,1
DA:12,0
DA:15,1
DA:16,0
DA:19,1
DA:20,2
DA:21,2
DA:24,1
DA:25,0
DA:26,0
DA:29,1
DA:30,2
DA:31,2
DA:35,1
DA:36,0
LF:19
LH:13
BRDA:8,0,0,1
BRDA:8,0,1,0
BRDA:20,1,0,0
BRDA:20,1,1,2
BRDA:25,2,0,0
BRDA:25,2,1,0
BRDA:30,3,0,2
BRDA:30,3,1,0
BRDA:30,4,0,0
BRDA:30,4,1,2
BRDA:37,5,0,0
BRDA:37,5,1,0
BRF:12
BRH:4
end_of_record
TN:
SF:src/tests/mocks/entities/MakeUser.ts
FN:7,(anonymous_2)
FNF:1
FNH:1
FNDA:1,(anonymous_2)
DA:1,1
DA:3,1
DA:5,1
DA:7,1
DA:9,1
LF:5
LH:5
BRF:0
BRH:0
end_of_record
TN:
SF:src/tests/presentation/mocks/MakeRequest.ts
FN:3,(anonymous_2)
FNF:1
FNH:1
FNDA:4,(anonymous_2)
DA:3,1
DA:4,4
LF:2
LH:2
BRF:0
BRH:0
end_of_record
