TN:
SF:src/domain/Entities/User.ts
FN:4,(anonymous_0)
FNF:1
FNH:1
FNDA:1,(anonymous_0)
DA:4,1
DA:5,1
DA:6,1
DA:7,1
LF:4
LH:4
BRDA:4,0,0,1
BRDA:4,0,1,1
BRF:2
BRH:2
end_of_record
TN:
SF:src/domain/Errors/UsersErrors.ts
FN:1,(anonymous_6)
FN:2,UsersErrors
FN:7,(anonymous_8)
FN:8,UserRoleIsInvalidError
FN:13,(anonymous_10)
FN:14,UserNotFoundError
FN:19,(anonymous_12)
FN:20,UserInUseError
FNF:8
FNH:6
FNDA:1,(anonymous_6)
FNDA:1,UsersErrors
FNDA:1,(anonymous_8)
FNDA:0,UserRoleIsInvalidError
FNDA:1,(anonymous_10)
FNDA:0,UserNotFoundError
FNDA:1,(anonymous_12)
FNDA:1,UserInUseError
DA:1,1
DA:3,1
DA:5,1
DA:7,1
DA:9,0
DA:11,1
DA:13,1
DA:15,0
DA:17,1
DA:19,1
DA:21,1
DA:23,1
LF:12
LH:10
BRDA:3,0,0,1
BRDA:3,0,1,0
BRDA:9,1,0,0
BRDA:9,1,1,0
BRDA:15,2,0,0
BRDA:15,2,1,0
BRDA:21,3,0,1
BRDA:21,3,1,0
BRF:8
BRH:2
end_of_record
TN:
SF:src/domain/Services/UsersServices.ts
FN:24,(anonymous_13)
FN:25,(anonymous_14)
FN:26,UsersServices
FN:32,(anonymous_16)
FN:39,(anonymous_19)
FN:65,(anonymous_22)
FN:88,(anonymous_25)
FN:96,(anonymous_28)
FN:101,(anonymous_31)
FNF:9
FNH:5
FNDA:6,(anonymous_13)
FNDA:1,(anonymous_14)
FNDA:1,UsersServices
FNDA:1,(anonymous_16)
FNDA:0,(anonymous_19)
FNDA:1,(anonymous_22)
FNDA:0,(anonymous_25)
FNDA:0,(anonymous_28)
FNDA:0,(anonymous_31)
DA:2,1
DA:3,1
DA:24,6
DA:25,1
DA:27,1
DA:28,1
DA:29,1
DA:32,1
DA:33,1
DA:34,1
DA:35,0
DA:36,1
DA:39,1
DA:40,0
DA:42,0
DA:43,0
DA:45,0
DA:47,0
DA:49,0
DA:57,0
DA:58,0
DA:59,0
DA:61,0
DA:62,0
DA:65,1
DA:66,1
DA:68,1
DA:69,1
DA:70,0
DA:72,1
DA:73,1
DA:74,1
DA:76,1
DA:77,1
DA:80,1
DA:81,1
DA:82,1
DA:84,0
DA:85,0
DA:88,1
DA:89,0
DA:90,0
DA:91,0
DA:92,0
DA:93,0
DA:96,1
DA:97,0
DA:98,0
DA:101,1
DA:102,0
DA:103,0
DA:105,1
LF:52
LH:28
BRDA:33,0,0,1
BRDA:34,1,0,0
BRDA:34,1,1,1
BRDA:34,2,0,1
BRDA:34,2,1,0
BRDA:42,3,0,0
BRDA:42,3,1,0
BRDA:58,4,0,0
BRDA:58,4,1,0
BRDA:69,5,0,0
BRDA:69,5,1,1
BRDA:76,6,0,1
BRDA:76,6,1,0
BRDA:81,7,0,1
BRDA:81,7,1,0
BRDA:89,8,0,0
BRDA:90,9,0,0
BRDA:90,9,1,0
BRDA:97,10,0,0
BRDA:98,11,0,0
BRDA:98,11,1,0
BRDA:102,12,0,0
BRDA:103,13,0,0
BRDA:103,13,1,0
BRF:24
BRH:6
end_of_record
TN:
SF:src/tests/mocks/MakeStation.ts
FN:5,MakeFakeStation
FNF:1
FNH:1
FNDA:1,MakeFakeStation
DA:1,1
DA:3,1
DA:5,1
DA:6,1
LF:4
LH:4
BRF:0
BRH:0
end_of_record
TN:
SF:src/tests/mocks/MakeUser.ts
FN:7,(anonymous_2)
FNF:1
FNH:1
FNDA:1,(anonymous_2)
DA:1,1
DA:3,1
DA:4,1
DA:5,1
DA:7,1
DA:9,1
LF:6
LH:6
BRF:0
BRH:0
end_of_record
